<?xml version="1.0" encoding="UTF-8"?>
<!-- Generated by org.testng.reporters.JUnitXMLReporter -->
<testsuite hostname="Aman" ignored="0" name="testngTest" tests="5" failures="0" timestamp="05 Feb 2020 18:52:28 GMT" time="48.933" errors="0">
  <testcase name="verifynavigateToFeaturePageLink" time="1.213" classname="com.qa.whitebox.tests.SchduleTestPage"/>
  <testcase name="navigateHomePageLink" time="3.204" classname="com.qa.whitebox.tests.HomePageTest"/>
  <testcase name="loginCorrectCredentialsTest" time="0.269" classname="com.qa.whitebox.tests.LoginTest"/>
  <testcase name="verifyHomePageTitle" time="0.009" classname="com.qa.whitebox.tests.HomePageTest"/>
  <testcase name="navigateToHomePage" time="2.567" classname="com.qa.whitebox.tests.LoginTest"/>
</testsuite> <!-- testngTest -->
